<<<<<<< HEAD
15:48:47 **** Incremental Build of configuration Nios II for project fresh_beets ****
=======
13:51:40 **** Incremental Build of configuration Nios II for project fresh_beets ****
>>>>>>> f28317081308ffb0dd803890f285de463ab7f5eb
make all 
Info: Building ../fresh_beets_bsp/
C:/intelFPGA/16.1/nios2eds/bin/gnu/H-x86_64-mingw32/bin/make --no-print-directory -C ../fresh_beets_bsp/
[BSP build complete]
<<<<<<< HEAD
Info: Compiling hello_world.c to obj/default/hello_world.o
nios2-elf-gcc -xc -MP -MMD -c -I../fresh_beets_bsp//HAL/inc -I../fresh_beets_bsp/ -I../fresh_beets_bsp//drivers/inc  -pipe -D__hal__ -DALT_NO_INSTRUCTION_EMULATION -DALT_SINGLE_THREADED    -O0 -g -Wall   -mno-hw-div -mhw-mul -mno-hw-mulx -mgpopt=global  -o obj/default/hello_world.o hello_world.c
Info: Linking fresh_beets.elf
nios2-elf-g++  -T'../fresh_beets_bsp//linker.x' -msys-crt0='../fresh_beets_bsp//obj/HAL/src/crt0.o' -msys-lib=hal_bsp -L../fresh_beets_bsp/   -Wl,-Map=fresh_beets.map   -O0 -g -Wall   -mno-hw-div -mhw-mul -mno-hw-mulx -mgpopt=global  -o fresh_beets.elf obj/default/hello_world.o obj/default/pacemaker.o -lm -msys-lib=m
nios2-elf-insert fresh_beets.elf --thread_model hal --cpu_name cpu --qsys true --simulation_enabled false --id 308784078 --sidp 0x0 --timestamp 1502336826 --stderr_dev jtag_uart --stdin_dev jtag_uart --stdout_dev jtag_uart --sopc_system_name nios2_system --quartus_project_dir "D:/303-Assignment-2/Lab___export/Prebuilt_Nios" --sopcinfo D:/303-Assignment-2/Lab___export/Prebuilt_Nios/software/fresh_beets_bsp/../../nios2_system.sopcinfo
Info: (fresh_beets.elf) 86 KBytes program size (code + initialized data).
Info:                   8098 KBytes free for stack + heap.
Info: Creating fresh_beets.objdump
nios2-elf-objdump --disassemble --syms --all-header --source fresh_beets.elf >fresh_beets.objdump
[fresh_beets build complete]

15:48:49 Build Finished (took 1s.947ms)
=======
[fresh_beets build complete]

13:51:42 Build Finished (took 1s.444ms)
>>>>>>> f28317081308ffb0dd803890f285de463ab7f5eb

