10:00:11 **** Build of configuration Nios II for project heart_beets ****
make all 
Info: Building ../heart_beets_bsp/
C:/intelFPGA/16.1/nios2eds/bin/gnu/H-x86_64-mingw32/bin/make --no-print-directory -C ../heart_beets_bsp/
Creating libhal_bsp.a...
rm -f -f libhal_bsp.a
nios2-elf-ar -src libhal_bsp.a obj/HAL/src/alt_alarm_start.o obj/HAL/src/alt_busy_sleep.o obj/HAL/src/alt_close.o obj/HAL/src/alt_dcache_flush.o obj/HAL/src/alt_dcache_flush_all.o obj/HAL/src/alt_dcache_flush_no_writeback.o obj/HAL/src/alt_dev.o obj/HAL/src/alt_dev_llist_insert.o obj/HAL/src/alt_dma_rxchan_open.o obj/HAL/src/alt_dma_txchan_open.o obj/HAL/src/alt_do_ctors.o obj/HAL/src/alt_do_dtors.o obj/HAL/src/alt_ecc_fatal_entry.o obj/HAL/src/alt_ecc_fatal_exception.o obj/HAL/src/alt_env_lock.o obj/HAL/src/alt_environ.o obj/HAL/src/alt_errno.o obj/HAL/src/alt_exception_entry.o obj/HAL/src/alt_exception_muldiv.o obj/HAL/src/alt_exception_trap.o obj/HAL/src/alt_execve.o obj/HAL/src/alt_exit.o obj/HAL/src/alt_fcntl.o obj/HAL/src/alt_fd_lock.o obj/HAL/src/alt_fd_unlock.o obj/HAL/src/alt_find_dev.o obj/HAL/src/alt_find_file.o obj/HAL/src/alt_flash_dev.o obj/HAL/src/alt_fork.o obj/HAL/src/alt_fs_reg.o obj/HAL/src/alt_fstat.o obj/HAL/src/alt_get_fd.o obj/HAL/src/alt_getchar.o obj/HAL/src/alt_getpid.o obj/HAL/src/alt_gettod.o obj/HAL/src/alt_gmon.o obj/HAL/src/alt_icache_flush.o obj/HAL/src/alt_icache_flush_all.o obj/HAL/src/alt_iic.o obj/HAL/src/alt_iic_isr_register.o obj/HAL/src/alt_instruction_exception_entry.o obj/HAL/src/alt_instruction_exception_register.o obj/HAL/src/alt_io_redirect.o obj/HAL/src/alt_ioctl.o obj/HAL/src/alt_irq_entry.o obj/HAL/src/alt_irq_handler.o obj/HAL/src/alt_irq_register.o obj/HAL/src/alt_irq_vars.o obj/HAL/src/alt_isatty.o obj/HAL/src/alt_kill.o obj/HAL/src/alt_link.o obj/HAL/src/alt_load.o obj/HAL/src/alt_log_macro.o obj/HAL/src/alt_log_printf.o obj/HAL/src/alt_lseek.o obj/HAL/src/alt_main.o obj/HAL/src/alt_malloc_lock.o obj/HAL/src/alt_mcount.o obj/HAL/src/alt_open.o obj/HAL/src/alt_printf.o obj/HAL/src/alt_putchar.o obj/HAL/src/alt_putcharbuf.o obj/HAL/src/alt_putstr.o obj/HAL/src/alt_read.o obj/HAL/src/alt_release_fd.o obj/HAL/src/alt_remap_cached.o obj/HAL/src/alt_remap_uncached.o obj/HAL/src/alt_rename.o obj/HAL/src/alt_sbrk.o obj/HAL/src/alt_settod.o obj/HAL/src/alt_software_exception.o obj/HAL/src/alt_stat.o obj/HAL/src/alt_tick.o obj/HAL/src/alt_times.o obj/HAL/src/alt_uncached_free.o obj/HAL/src/alt_uncached_malloc.o obj/HAL/src/alt_unlink.o obj/HAL/src/alt_usleep.o obj/HAL/src/alt_wait.o obj/HAL/src/alt_write.o obj/HAL/src/altera_nios2_gen2_irq.o obj/HAL/src/crt0.o obj/alt_sys_init.o obj/drivers/src/altera_avalon_jtag_uart_fd.o obj/drivers/src/altera_avalon_jtag_uart_init.o obj/drivers/src/altera_avalon_jtag_uart_ioctl.o obj/drivers/src/altera_avalon_jtag_uart_read.o obj/drivers/src/altera_avalon_jtag_uart_write.o obj/drivers/src/altera_avalon_lcd_16207.o obj/drivers/src/altera_avalon_lcd_16207_fd.o obj/drivers/src/altera_avalon_sysid_qsys.o obj/drivers/src/altera_avalon_timer_sc.o obj/drivers/src/altera_avalon_timer_ts.o obj/drivers/src/altera_avalon_timer_vars.o obj/drivers/src/altera_avalon_uart_fd.o obj/drivers/src/altera_avalon_uart_init.o obj/drivers/src/altera_avalon_uart_ioctl.o obj/drivers/src/altera_avalon_uart_read.o obj/drivers/src/altera_avalon_uart_write.o
[BSP build complete]
Info: Compiling hello_world.c to obj/default/hello_world.o
nios2-elf-gcc -xc -MP -MMD -c -I../heart_beets_bsp//HAL/inc -I../heart_beets_bsp/ -I../heart_beets_bsp//drivers/inc  -pipe -D__hal__ -DALT_NO_INSTRUCTION_EMULATION -DALT_SINGLE_THREADED    -O0 -g -Wall   -mno-hw-div -mhw-mul -mno-hw-mulx -mgpopt=global  -o obj/default/hello_world.o hello_world.c
Info: Linking heart_beets.elf
nios2-elf-g++  -T'../heart_beets_bsp//linker.x' -msys-crt0='../heart_beets_bsp//obj/HAL/src/crt0.o' -msys-lib=hal_bsp -L../heart_beets_bsp/   -Wl,-Map=heart_beets.map   -O0 -g -Wall   -mno-hw-div -mhw-mul -mno-hw-mulx -mgpopt=global  -o heart_beets.elf obj/default/hello_world.o obj/default/pacemaker.o -lm -msys-lib=m
nios2-elf-insert heart_beets.elf --thread_model hal --cpu_name cpu --qsys true --simulation_enabled false --id 308784078 --sidp 0x0 --timestamp 1502336826 --stderr_dev jtag_uart --stdin_dev jtag_uart --stdout_dev jtag_uart --sopc_system_name nios2_system --quartus_project_dir "D:/303-Assignment-2/Lab___export/Prebuilt_Nios" --sopcinfo D:/303-Assignment-2/Lab___export/Prebuilt_Nios/software/heart_beets_bsp/../../nios2_system.sopcinfo
Info: (heart_beets.elf) 48 KBytes program size (code + initialized data).
Info:                   8136 KBytes free for stack + heap.
Info: Creating heart_beets.objdump
nios2-elf-objdump --disassemble --syms --all-header --source heart_beets.elf >heart_beets.objdump
[heart_beets build complete]
10:00:16 **** Build of configuration Nios II for project heart_beets_bsp ****
make all 
[BSP build complete]
10:02:01 **** Build of configuration Nios II for project heart_beets ****
make all 
Info: Building ../heart_beets_bsp/
C:/intelFPGA/16.1/nios2eds/bin/gnu/H-x86_64-mingw32/bin/make --no-print-directory -C ../heart_beets_bsp/
[BSP build complete]
Info: Compiling pacemaker.c to obj/default/pacemaker.o
nios2-elf-gcc -xc -MP -MMD -c -I../heart_beets_bsp//HAL/inc -I../heart_beets_bsp/ -I../heart_beets_bsp//drivers/inc  -pipe -D__hal__ -DALT_NO_INSTRUCTION_EMULATION -DALT_SINGLE_THREADED    -O0 -g -Wall   -mno-hw-div -mhw-mul -mno-hw-mulx -mgpopt=global  -o obj/default/pacemaker.o pacemaker.c
Info: Linking heart_beets.elf
nios2-elf-g++  -T'../heart_beets_bsp//linker.x' -msys-crt0='../heart_beets_bsp//obj/HAL/src/crt0.o' -msys-lib=hal_bsp -L../heart_beets_bsp/   -Wl,-Map=heart_beets.map   -O0 -g -Wall   -mno-hw-div -mhw-mul -mno-hw-mulx -mgpopt=global  -o heart_beets.elf obj/default/hello_world.o obj/default/pacemaker.o -lm -msys-lib=m
nios2-elf-insert heart_beets.elf --thread_model hal --cpu_name cpu --qsys true --simulation_enabled false --id 308784078 --sidp 0x0 --timestamp 1502336826 --stderr_dev jtag_uart --stdin_dev jtag_uart --stdout_dev jtag_uart --sopc_system_name nios2_system --quartus_project_dir "D:/303-Assignment-2/Lab___export/Prebuilt_Nios" --sopcinfo D:/303-Assignment-2/Lab___export/Prebuilt_Nios/software/heart_beets_bsp/../../nios2_system.sopcinfo
Info: (heart_beets.elf) 48 KBytes program size (code + initialized data).
Info:                   8136 KBytes free for stack + heap.
Info: Creating heart_beets.objdump
nios2-elf-objdump --disassemble --syms --all-header --source heart_beets.elf >heart_beets.objdump
[heart_beets build complete]
10:02:28 **** Incremental Build of configuration Nios II for project heart_beets ****
make all 
Info: Building ../heart_beets_bsp/
C:/intelFPGA/16.1/nios2eds/bin/gnu/H-x86_64-mingw32/bin/make --no-print-directory -C ../heart_beets_bsp/
[BSP build complete]
[heart_beets build complete]
10:03:46 **** Incremental Build of configuration Nios II for project heart_beets ****
make all 
Info: Building ../heart_beets_bsp/
C:/intelFPGA/16.1/nios2eds/bin/gnu/H-x86_64-mingw32/bin/make --no-print-directory -C ../heart_beets_bsp/
[BSP build complete]
Info: Compiling hello_world.c to obj/default/hello_world.o
nios2-elf-gcc -xc -MP -MMD -c -I../heart_beets_bsp//HAL/inc -I../heart_beets_bsp/ -I../heart_beets_bsp//drivers/inc  -pipe -D__hal__ -DALT_NO_INSTRUCTION_EMULATION -DALT_SINGLE_THREADED    -O0 -g -Wall   -mno-hw-div -mhw-mul -mno-hw-mulx -mgpopt=global  -o obj/default/hello_world.o hello_world.c
Info: Linking heart_beets.elf
nios2-elf-g++  -T'../heart_beets_bsp//linker.x' -msys-crt0='../heart_beets_bsp//obj/HAL/src/crt0.o' -msys-lib=hal_bsp -L../heart_beets_bsp/   -Wl,-Map=heart_beets.map   -O0 -g -Wall   -mno-hw-div -mhw-mul -mno-hw-mulx -mgpopt=global  -o heart_beets.elf obj/default/hello_world.o obj/default/pacemaker.o -lm -msys-lib=m
nios2-elf-insert heart_beets.elf --thread_model hal --cpu_name cpu --qsys true --simulation_enabled false --id 308784078 --sidp 0x0 --timestamp 1502336826 --stderr_dev jtag_uart --stdin_dev jtag_uart --stdout_dev jtag_uart --sopc_system_name nios2_system --quartus_project_dir "D:/303-Assignment-2/Lab___export/Prebuilt_Nios" --sopcinfo D:/303-Assignment-2/Lab___export/Prebuilt_Nios/software/heart_beets_bsp/../../nios2_system.sopcinfo
Info: (heart_beets.elf) 88 KBytes program size (code + initialized data).
Info:                   8096 KBytes free for stack + heap.
Info: Creating heart_beets.objdump
nios2-elf-objdump --disassemble --syms --all-header --source heart_beets.elf >heart_beets.objdump
[heart_beets build complete]
10:03:50 **** Incremental Build of configuration Nios II for project heart_beets_bsp ****
make all 
[BSP build complete]
10:03:55 **** Incremental Build of configuration Nios II for project heart_beets ****
make all 
Info: Building ../heart_beets_bsp/
C:/intelFPGA/16.1/nios2eds/bin/gnu/H-x86_64-mingw32/bin/make --no-print-directory -C ../heart_beets_bsp/
[BSP build complete]
[heart_beets build complete]
10:06:42 **** Incremental Build of configuration Nios II for project heart_beets ****
make all 
Info: Building ../heart_beets_bsp/
C:/intelFPGA/16.1/nios2eds/bin/gnu/H-x86_64-mingw32/bin/make --no-print-directory -C ../heart_beets_bsp/
[BSP build complete]
Info: Compiling hello_world.c to obj/default/hello_world.o
nios2-elf-gcc -xc -MP -MMD -c -I../heart_beets_bsp//HAL/inc -I../heart_beets_bsp/ -I../heart_beets_bsp//drivers/inc  -pipe -D__hal__ -DALT_NO_INSTRUCTION_EMULATION -DALT_SINGLE_THREADED    -O0 -g -Wall   -mno-hw-div -mhw-mul -mno-hw-mulx -mgpopt=global  -o obj/default/hello_world.o hello_world.c
Info: Linking heart_beets.elf
nios2-elf-g++  -T'../heart_beets_bsp//linker.x' -msys-crt0='../heart_beets_bsp//obj/HAL/src/crt0.o' -msys-lib=hal_bsp -L../heart_beets_bsp/   -Wl,-Map=heart_beets.map   -O0 -g -Wall   -mno-hw-div -mhw-mul -mno-hw-mulx -mgpopt=global  -o heart_beets.elf obj/default/hello_world.o obj/default/pacemaker.o -lm -msys-lib=m
nios2-elf-insert heart_beets.elf --thread_model hal --cpu_name cpu --qsys true --simulation_enabled false --id 308784078 --sidp 0x0 --timestamp 1502336826 --stderr_dev jtag_uart --stdin_dev jtag_uart --stdout_dev jtag_uart --sopc_system_name nios2_system --quartus_project_dir "D:/303-Assignment-2/Lab___export/Prebuilt_Nios" --sopcinfo D:/303-Assignment-2/Lab___export/Prebuilt_Nios/software/heart_beets_bsp/../../nios2_system.sopcinfo
Info: (heart_beets.elf) 48 KBytes program size (code + initialized data).
Info:                   8136 KBytes free for stack + heap.
Info: Creating heart_beets.objdump
nios2-elf-objdump --disassemble --syms --all-header --source heart_beets.elf >heart_beets.objdump
[heart_beets build complete]
10:06:45 **** Incremental Build of configuration Nios II for project heart_beets_bsp ****
make all 
[BSP build complete]
10:06:57 **** Build of configuration Nios II for project heart_beets ****
make all 
Info: Building ../heart_beets_bsp/
C:/intelFPGA/16.1/nios2eds/bin/gnu/H-x86_64-mingw32/bin/make --no-print-directory -C ../heart_beets_bsp/
[BSP build complete]
[heart_beets build complete]
10:06:59 **** Incremental Build of configuration Nios II for project heart_beets ****
make all 
Info: Building ../heart_beets_bsp/
C:/intelFPGA/16.1/nios2eds/bin/gnu/H-x86_64-mingw32/bin/make --no-print-directory -C ../heart_beets_bsp/
[BSP build complete]
[heart_beets build complete]
10:09:07 **** Incremental Build of configuration Nios II for project heart_beets ****
make all 
Info: Building ../heart_beets_bsp/
C:/intelFPGA/16.1/nios2eds/bin/gnu/H-x86_64-mingw32/bin/make --no-print-directory -C ../heart_beets_bsp/
[BSP build complete]
Info: Compiling hello_world.c to obj/default/hello_world.o
nios2-elf-gcc -xc -MP -MMD -c -I../heart_beets_bsp//HAL/inc -I../heart_beets_bsp/ -I../heart_beets_bsp//drivers/inc  -pipe -D__hal__ -DALT_NO_INSTRUCTION_EMULATION -DALT_SINGLE_THREADED    -O0 -g -Wall   -mno-hw-div -mhw-mul -mno-hw-mulx -mgpopt=global  -o obj/default/hello_world.o hello_world.c
Info: Linking heart_beets.elf
nios2-elf-g++  -T'../heart_beets_bsp//linker.x' -msys-crt0='../heart_beets_bsp//obj/HAL/src/crt0.o' -msys-lib=hal_bsp -L../heart_beets_bsp/   -Wl,-Map=heart_beets.map   -O0 -g -Wall   -mno-hw-div -mhw-mul -mno-hw-mulx -mgpopt=global  -o heart_beets.elf obj/default/hello_world.o obj/default/pacemaker.o -lm -msys-lib=m
nios2-elf-insert heart_beets.elf --thread_model hal --cpu_name cpu --qsys true --simulation_enabled false --id 308784078 --sidp 0x0 --timestamp 1502336826 --stderr_dev jtag_uart --stdin_dev jtag_uart --stdout_dev jtag_uart --sopc_system_name nios2_system --quartus_project_dir "D:/303-Assignment-2/Lab___export/Prebuilt_Nios" --sopcinfo D:/303-Assignment-2/Lab___export/Prebuilt_Nios/software/heart_beets_bsp/../../nios2_system.sopcinfo
Info: (heart_beets.elf) 48 KBytes program size (code + initialized data).
Info:                   8136 KBytes free for stack + heap.
Info: Creating heart_beets.objdump
nios2-elf-objdump --disassemble --syms --all-header --source heart_beets.elf >heart_beets.objdump
[heart_beets build complete]
10:09:11 **** Incremental Build of configuration Nios II for project heart_beets_bsp ****
make all 
[BSP build complete]
10:09:20 **** Build of configuration Nios II for project heart_beets ****
make all 
Info: Building ../heart_beets_bsp/
C:/intelFPGA/16.1/nios2eds/bin/gnu/H-x86_64-mingw32/bin/make --no-print-directory -C ../heart_beets_bsp/
[BSP build complete]
[heart_beets build complete]
10:09:22 **** Incremental Build of configuration Nios II for project heart_beets ****
make all 
Info: Building ../heart_beets_bsp/
C:/intelFPGA/16.1/nios2eds/bin/gnu/H-x86_64-mingw32/bin/make --no-print-directory -C ../heart_beets_bsp/
[BSP build complete]
[heart_beets build complete]
10:14:39 **** Incremental Build of configuration Nios II for project heart_beets ****
make all 
Info: Building ../heart_beets_bsp/
C:/intelFPGA/16.1/nios2eds/bin/gnu/H-x86_64-mingw32/bin/make --no-print-directory -C ../heart_beets_bsp/
[BSP build complete]
Info: Compiling hello_world.c to obj/default/hello_world.o
nios2-elf-gcc -xc -MP -MMD -c -I../heart_beets_bsp//HAL/inc -I../heart_beets_bsp/ -I../heart_beets_bsp//drivers/inc  -pipe -D__hal__ -DALT_NO_INSTRUCTION_EMULATION -DALT_SINGLE_THREADED    -O0 -g -Wall   -mno-hw-div -mhw-mul -mno-hw-mulx -mgpopt=global  -o obj/default/hello_world.o hello_world.c
Info: Linking heart_beets.elf
nios2-elf-g++  -T'../heart_beets_bsp//linker.x' -msys-crt0='../heart_beets_bsp//obj/HAL/src/crt0.o' -msys-lib=hal_bsp -L../heart_beets_bsp/   -Wl,-Map=heart_beets.map   -O0 -g -Wall   -mno-hw-div -mhw-mul -mno-hw-mulx -mgpopt=global  -o heart_beets.elf obj/default/hello_world.o obj/default/pacemaker.o -lm -msys-lib=m
nios2-elf-insert heart_beets.elf --thread_model hal --cpu_name cpu --qsys true --simulation_enabled false --id 308784078 --sidp 0x0 --timestamp 1502336826 --stderr_dev jtag_uart --stdin_dev jtag_uart --stdout_dev jtag_uart --sopc_system_name nios2_system --quartus_project_dir "D:/303-Assignment-2/Lab___export/Prebuilt_Nios" --sopcinfo D:/303-Assignment-2/Lab___export/Prebuilt_Nios/software/heart_beets_bsp/../../nios2_system.sopcinfo
Info: (heart_beets.elf) 88 KBytes program size (code + initialized data).
Info:                   8096 KBytes free for stack + heap.
Info: Creating heart_beets.objdump
nios2-elf-objdump --disassemble --syms --all-header --source heart_beets.elf >heart_beets.objdump
[heart_beets build complete]
10:14:43 **** Incremental Build of configuration Nios II for project heart_beets_bsp ****
make all 
[BSP build complete]
10:14:59 **** Build of configuration Nios II for project heart_beets ****
make all 
Info: Building ../heart_beets_bsp/
C:/intelFPGA/16.1/nios2eds/bin/gnu/H-x86_64-mingw32/bin/make --no-print-directory -C ../heart_beets_bsp/
[BSP build complete]
[heart_beets build complete]
10:15:01 **** Incremental Build of configuration Nios II for project heart_beets ****
make all 
Info: Building ../heart_beets_bsp/
C:/intelFPGA/16.1/nios2eds/bin/gnu/H-x86_64-mingw32/bin/make --no-print-directory -C ../heart_beets_bsp/
[BSP build complete]
[heart_beets build complete]
10:20:24 **** Incremental Build of configuration Nios II for project heart_beets ****
make all 
Info: Building ../heart_beets_bsp/
C:/intelFPGA/16.1/nios2eds/bin/gnu/H-x86_64-mingw32/bin/make --no-print-directory -C ../heart_beets_bsp/
[BSP build complete]
Info: Compiling hello_world.c to obj/default/hello_world.o
nios2-elf-gcc -xc -MP -MMD -c -I../heart_beets_bsp//HAL/inc -I../heart_beets_bsp/ -I../heart_beets_bsp//drivers/inc  -pipe -D__hal__ -DALT_NO_INSTRUCTION_EMULATION -DALT_SINGLE_THREADED    -O0 -g -Wall   -mno-hw-div -mhw-mul -mno-hw-mulx -mgpopt=global  -o obj/default/hello_world.o hello_world.c
Info: Linking heart_beets.elf
nios2-elf-g++  -T'../heart_beets_bsp//linker.x' -msys-crt0='../heart_beets_bsp//obj/HAL/src/crt0.o' -msys-lib=hal_bsp -L../heart_beets_bsp/   -Wl,-Map=heart_beets.map   -O0 -g -Wall   -mno-hw-div -mhw-mul -mno-hw-mulx -mgpopt=global  -o heart_beets.elf obj/default/hello_world.o obj/default/pacemaker.o -lm -msys-lib=m
nios2-elf-insert heart_beets.elf --thread_model hal --cpu_name cpu --qsys true --simulation_enabled false --id 308784078 --sidp 0x0 --timestamp 1502336826 --stderr_dev jtag_uart --stdin_dev jtag_uart --stdout_dev jtag_uart --sopc_system_name nios2_system --quartus_project_dir "D:/303-Assignment-2/Lab___export/Prebuilt_Nios" --sopcinfo D:/303-Assignment-2/Lab___export/Prebuilt_Nios/software/heart_beets_bsp/../../nios2_system.sopcinfo
Info: (heart_beets.elf) 88 KBytes program size (code + initialized data).
Info:                   8096 KBytes free for stack + heap.
Info: Creating heart_beets.objdump
nios2-elf-objdump --disassemble --syms --all-header --source heart_beets.elf >heart_beets.objdump
[heart_beets build complete]
10:20:28 **** Incremental Build of configuration Nios II for project heart_beets_bsp ****
make all 
[BSP build complete]
10:20:35 **** Build of configuration Nios II for project heart_beets ****
make all 
Info: Building ../heart_beets_bsp/
C:/intelFPGA/16.1/nios2eds/bin/gnu/H-x86_64-mingw32/bin/make --no-print-directory -C ../heart_beets_bsp/
[BSP build complete]
[heart_beets build complete]
10:20:37 **** Incremental Build of configuration Nios II for project heart_beets ****
make all 
Info: Building ../heart_beets_bsp/
C:/intelFPGA/16.1/nios2eds/bin/gnu/H-x86_64-mingw32/bin/make --no-print-directory -C ../heart_beets_bsp/
[BSP build complete]
[heart_beets build complete]
10:21:20 **** Incremental Build of configuration Nios II for project heart_beets ****
make all 
Info: Building ../heart_beets_bsp/
C:/intelFPGA/16.1/nios2eds/bin/gnu/H-x86_64-mingw32/bin/make --no-print-directory -C ../heart_beets_bsp/
[BSP build complete]
Info: Compiling hello_world.c to obj/default/hello_world.o
nios2-elf-gcc -xc -MP -MMD -c -I../heart_beets_bsp//HAL/inc -I../heart_beets_bsp/ -I../heart_beets_bsp//drivers/inc  -pipe -D__hal__ -DALT_NO_INSTRUCTION_EMULATION -DALT_SINGLE_THREADED    -O0 -g -Wall   -mno-hw-div -mhw-mul -mno-hw-mulx -mgpopt=global  -o obj/default/hello_world.o hello_world.c
Info: Linking heart_beets.elf
nios2-elf-g++  -T'../heart_beets_bsp//linker.x' -msys-crt0='../heart_beets_bsp//obj/HAL/src/crt0.o' -msys-lib=hal_bsp -L../heart_beets_bsp/   -Wl,-Map=heart_beets.map   -O0 -g -Wall   -mno-hw-div -mhw-mul -mno-hw-mulx -mgpopt=global  -o heart_beets.elf obj/default/hello_world.o obj/default/pacemaker.o -lm -msys-lib=m
nios2-elf-insert heart_beets.elf --thread_model hal --cpu_name cpu --qsys true --simulation_enabled false --id 308784078 --sidp 0x0 --timestamp 1502336826 --stderr_dev jtag_uart --stdin_dev jtag_uart --stdout_dev jtag_uart --sopc_system_name nios2_system --quartus_project_dir "D:/303-Assignment-2/Lab___export/Prebuilt_Nios" --sopcinfo D:/303-Assignment-2/Lab___export/Prebuilt_Nios/software/heart_beets_bsp/../../nios2_system.sopcinfo
Info: (heart_beets.elf) 88 KBytes program size (code + initialized data).
Info:                   8096 KBytes free for stack + heap.
Info: Creating heart_beets.objdump
nios2-elf-objdump --disassemble --syms --all-header --source heart_beets.elf >heart_beets.objdump
[heart_beets build complete]
10:21:23 **** Incremental Build of configuration Nios II for project heart_beets_bsp ****
make all 
[BSP build complete]
10:21:26 **** Incremental Build of configuration Nios II for project heart_beets ****
make all 
Info: Building ../heart_beets_bsp/
C:/intelFPGA/16.1/nios2eds/bin/gnu/H-x86_64-mingw32/bin/make --no-print-directory -C ../heart_beets_bsp/
[BSP build complete]
[heart_beets build complete]
10:21:52 **** Incremental Build of configuration Nios II for project heart_beets ****
make all 
Info: Building ../heart_beets_bsp/
C:/intelFPGA/16.1/nios2eds/bin/gnu/H-x86_64-mingw32/bin/make --no-print-directory -C ../heart_beets_bsp/
[BSP build complete]
Info: Compiling hello_world.c to obj/default/hello_world.o
nios2-elf-gcc -xc -MP -MMD -c -I../heart_beets_bsp//HAL/inc -I../heart_beets_bsp/ -I../heart_beets_bsp//drivers/inc  -pipe -D__hal__ -DALT_NO_INSTRUCTION_EMULATION -DALT_SINGLE_THREADED    -O0 -g -Wall   -mno-hw-div -mhw-mul -mno-hw-mulx -mgpopt=global  -o obj/default/hello_world.o hello_world.c
Info: Linking heart_beets.elf
nios2-elf-g++  -T'../heart_beets_bsp//linker.x' -msys-crt0='../heart_beets_bsp//obj/HAL/src/crt0.o' -msys-lib=hal_bsp -L../heart_beets_bsp/   -Wl,-Map=heart_beets.map   -O0 -g -Wall   -mno-hw-div -mhw-mul -mno-hw-mulx -mgpopt=global  -o heart_beets.elf obj/default/hello_world.o obj/default/pacemaker.o -lm -msys-lib=m
nios2-elf-insert heart_beets.elf --thread_model hal --cpu_name cpu --qsys true --simulation_enabled false --id 308784078 --sidp 0x0 --timestamp 1502336826 --stderr_dev jtag_uart --stdin_dev jtag_uart --stdout_dev jtag_uart --sopc_system_name nios2_system --quartus_project_dir "D:/303-Assignment-2/Lab___export/Prebuilt_Nios" --sopcinfo D:/303-Assignment-2/Lab___export/Prebuilt_Nios/software/heart_beets_bsp/../../nios2_system.sopcinfo
Info: (heart_beets.elf) 88 KBytes program size (code + initialized data).
Info:                   8096 KBytes free for stack + heap.
Info: Creating heart_beets.objdump
nios2-elf-objdump --disassemble --syms --all-header --source heart_beets.elf >heart_beets.objdump
[heart_beets build complete]
10:22:24 **** Incremental Build of configuration Nios II for project heart_beets ****
make all 
Info: Building ../heart_beets_bsp/
C:/intelFPGA/16.1/nios2eds/bin/gnu/H-x86_64-mingw32/bin/make --no-print-directory -C ../heart_beets_bsp/
[BSP build complete]
[heart_beets build complete]
10:23:30 **** Incremental Build of configuration Nios II for project heart_beets ****
make all 
Info: Building ../heart_beets_bsp/
C:/intelFPGA/16.1/nios2eds/bin/gnu/H-x86_64-mingw32/bin/make --no-print-directory -C ../heart_beets_bsp/
[BSP build complete]
Info: Compiling hello_world.c to obj/default/hello_world.o
nios2-elf-gcc -xc -MP -MMD -c -I../heart_beets_bsp//HAL/inc -I../heart_beets_bsp/ -I../heart_beets_bsp//drivers/inc  -pipe -D__hal__ -DALT_NO_INSTRUCTION_EMULATION -DALT_SINGLE_THREADED    -O0 -g -Wall   -mno-hw-div -mhw-mul -mno-hw-mulx -mgpopt=global  -o obj/default/hello_world.o hello_world.c
Info: Linking heart_beets.elf
nios2-elf-g++  -T'../heart_beets_bsp//linker.x' -msys-crt0='../heart_beets_bsp//obj/HAL/src/crt0.o' -msys-lib=hal_bsp -L../heart_beets_bsp/   -Wl,-Map=heart_beets.map   -O0 -g -Wall   -mno-hw-div -mhw-mul -mno-hw-mulx -mgpopt=global  -o heart_beets.elf obj/default/hello_world.o obj/default/pacemaker.o -lm -msys-lib=m
nios2-elf-insert heart_beets.elf --thread_model hal --cpu_name cpu --qsys true --simulation_enabled false --id 308784078 --sidp 0x0 --timestamp 1502336826 --stderr_dev jtag_uart --stdin_dev jtag_uart --stdout_dev jtag_uart --sopc_system_name nios2_system --quartus_project_dir "D:/303-Assignment-2/Lab___export/Prebuilt_Nios" --sopcinfo D:/303-Assignment-2/Lab___export/Prebuilt_Nios/software/heart_beets_bsp/../../nios2_system.sopcinfo
Info: (heart_beets.elf) 88 KBytes program size (code + initialized data).
Info:                   8096 KBytes free for stack + heap.
Info: Creating heart_beets.objdump
nios2-elf-objdump --disassemble --syms --all-header --source heart_beets.elf >heart_beets.objdump
[heart_beets build complete]
10:25:26 **** Incremental Build of configuration Nios II for project heart_beets ****
make all 
Info: Building ../heart_beets_bsp/
C:/intelFPGA/16.1/nios2eds/bin/gnu/H-x86_64-mingw32/bin/make --no-print-directory -C ../heart_beets_bsp/
[BSP build complete]
Info: Compiling hello_world.c to obj/default/hello_world.o
nios2-elf-gcc -xc -MP -MMD -c -I../heart_beets_bsp//HAL/inc -I../heart_beets_bsp/ -I../heart_beets_bsp//drivers/inc  -pipe -D__hal__ -DALT_NO_INSTRUCTION_EMULATION -DALT_SINGLE_THREADED    -O0 -g -Wall   -mno-hw-div -mhw-mul -mno-hw-mulx -mgpopt=global  -o obj/default/hello_world.o hello_world.c
Info: Linking heart_beets.elf
nios2-elf-g++  -T'../heart_beets_bsp//linker.x' -msys-crt0='../heart_beets_bsp//obj/HAL/src/crt0.o' -msys-lib=hal_bsp -L../heart_beets_bsp/   -Wl,-Map=heart_beets.map   -O0 -g -Wall   -mno-hw-div -mhw-mul -mno-hw-mulx -mgpopt=global  -o heart_beets.elf obj/default/hello_world.o obj/default/pacemaker.o -lm -msys-lib=m
nios2-elf-insert heart_beets.elf --thread_model hal --cpu_name cpu --qsys true --simulation_enabled false --id 308784078 --sidp 0x0 --timestamp 1502336826 --stderr_dev jtag_uart --stdin_dev jtag_uart --stdout_dev jtag_uart --sopc_system_name nios2_system --quartus_project_dir "D:/303-Assignment-2/Lab___export/Prebuilt_Nios" --sopcinfo D:/303-Assignment-2/Lab___export/Prebuilt_Nios/software/heart_beets_bsp/../../nios2_system.sopcinfo
Info: (heart_beets.elf) 88 KBytes program size (code + initialized data).
Info:                   8096 KBytes free for stack + heap.
Info: Creating heart_beets.objdump
nios2-elf-objdump --disassemble --syms --all-header --source heart_beets.elf >heart_beets.objdump
[heart_beets build complete]
10:26:30 **** Incremental Build of configuration Nios II for project heart_beets ****
make all 
Info: Building ../heart_beets_bsp/
C:/intelFPGA/16.1/nios2eds/bin/gnu/H-x86_64-mingw32/bin/make --no-print-directory -C ../heart_beets_bsp/
[BSP build complete]
Info: Compiling hello_world.c to obj/default/hello_world.o
nios2-elf-gcc -xc -MP -MMD -c -I../heart_beets_bsp//HAL/inc -I../heart_beets_bsp/ -I../heart_beets_bsp//drivers/inc  -pipe -D__hal__ -DALT_NO_INSTRUCTION_EMULATION -DALT_SINGLE_THREADED    -O0 -g -Wall   -mno-hw-div -mhw-mul -mno-hw-mulx -mgpopt=global  -o obj/default/hello_world.o hello_world.c
Info: Linking heart_beets.elf
nios2-elf-g++  -T'../heart_beets_bsp//linker.x' -msys-crt0='../heart_beets_bsp//obj/HAL/src/crt0.o' -msys-lib=hal_bsp -L../heart_beets_bsp/   -Wl,-Map=heart_beets.map   -O0 -g -Wall   -mno-hw-div -mhw-mul -mno-hw-mulx -mgpopt=global  -o heart_beets.elf obj/default/hello_world.o obj/default/pacemaker.o -lm -msys-lib=m
nios2-elf-insert heart_beets.elf --thread_model hal --cpu_name cpu --qsys true --simulation_enabled false --id 308784078 --sidp 0x0 --timestamp 1502336826 --stderr_dev jtag_uart --stdin_dev jtag_uart --stdout_dev jtag_uart --sopc_system_name nios2_system --quartus_project_dir "D:/303-Assignment-2/Lab___export/Prebuilt_Nios" --sopcinfo D:/303-Assignment-2/Lab___export/Prebuilt_Nios/software/heart_beets_bsp/../../nios2_system.sopcinfo
Info: (heart_beets.elf) 48 KBytes program size (code + initialized data).
Info:                   8136 KBytes free for stack + heap.
Info: Creating heart_beets.objdump
nios2-elf-objdump --disassemble --syms --all-header --source heart_beets.elf >heart_beets.objdump
[heart_beets build complete]
10:27:26 **** Incremental Build of configuration Nios II for project heart_beets ****
make all 
Info: Building ../heart_beets_bsp/
C:/intelFPGA/16.1/nios2eds/bin/gnu/H-x86_64-mingw32/bin/make --no-print-directory -C ../heart_beets_bsp/
[BSP build complete]
Info: Compiling hello_world.c to obj/default/hello_world.o
nios2-elf-gcc -xc -MP -MMD -c -I../heart_beets_bsp//HAL/inc -I../heart_beets_bsp/ -I../heart_beets_bsp//drivers/inc  -pipe -D__hal__ -DALT_NO_INSTRUCTION_EMULATION -DALT_SINGLE_THREADED    -O0 -g -Wall   -mno-hw-div -mhw-mul -mno-hw-mulx -mgpopt=global  -o obj/default/hello_world.o hello_world.c
Info: Linking heart_beets.elf
nios2-elf-g++  -T'../heart_beets_bsp//linker.x' -msys-crt0='../heart_beets_bsp//obj/HAL/src/crt0.o' -msys-lib=hal_bsp -L../heart_beets_bsp/   -Wl,-Map=heart_beets.map   -O0 -g -Wall   -mno-hw-div -mhw-mul -mno-hw-mulx -mgpopt=global  -o heart_beets.elf obj/default/hello_world.o obj/default/pacemaker.o -lm -msys-lib=m
nios2-elf-insert heart_beets.elf --thread_model hal --cpu_name cpu --qsys true --simulation_enabled false --id 308784078 --sidp 0x0 --timestamp 1502336826 --stderr_dev jtag_uart --stdin_dev jtag_uart --stdout_dev jtag_uart --sopc_system_name nios2_system --quartus_project_dir "D:/303-Assignment-2/Lab___export/Prebuilt_Nios" --sopcinfo D:/303-Assignment-2/Lab___export/Prebuilt_Nios/software/heart_beets_bsp/../../nios2_system.sopcinfo
Info: (heart_beets.elf) 88 KBytes program size (code + initialized data).
Info:                   8096 KBytes free for stack + heap.
Info: Creating heart_beets.objdump
nios2-elf-objdump --disassemble --syms --all-header --source heart_beets.elf >heart_beets.objdump
[heart_beets build complete]
10:31:02 **** Incremental Build of configuration Nios II for project heart_beets ****
make all 
Info: Building ../heart_beets_bsp/
C:/intelFPGA/16.1/nios2eds/bin/gnu/H-x86_64-mingw32/bin/make --no-print-directory -C ../heart_beets_bsp/
[BSP build complete]
Info: Compiling hello_world.c to obj/default/hello_world.o
nios2-elf-gcc -xc -MP -MMD -c -I../heart_beets_bsp//HAL/inc -I../heart_beets_bsp/ -I../heart_beets_bsp//drivers/inc  -pipe -D__hal__ -DALT_NO_INSTRUCTION_EMULATION -DALT_SINGLE_THREADED    -O0 -g -Wall   -mno-hw-div -mhw-mul -mno-hw-mulx -mgpopt=global  -o obj/default/hello_world.o hello_world.c
Info: Linking heart_beets.elf
nios2-elf-g++  -T'../heart_beets_bsp//linker.x' -msys-crt0='../heart_beets_bsp//obj/HAL/src/crt0.o' -msys-lib=hal_bsp -L../heart_beets_bsp/   -Wl,-Map=heart_beets.map   -O0 -g -Wall   -mno-hw-div -mhw-mul -mno-hw-mulx -mgpopt=global  -o heart_beets.elf obj/default/hello_world.o obj/default/pacemaker.o -lm -msys-lib=m
nios2-elf-insert heart_beets.elf --thread_model hal --cpu_name cpu --qsys true --simulation_enabled false --id 308784078 --sidp 0x0 --timestamp 1502336826 --stderr_dev jtag_uart --stdin_dev jtag_uart --stdout_dev jtag_uart --sopc_system_name nios2_system --quartus_project_dir "D:/303-Assignment-2/Lab___export/Prebuilt_Nios" --sopcinfo D:/303-Assignment-2/Lab___export/Prebuilt_Nios/software/heart_beets_bsp/../../nios2_system.sopcinfo
Info: (heart_beets.elf) 88 KBytes program size (code + initialized data).
Info:                   8096 KBytes free for stack + heap.
Info: Creating heart_beets.objdump
nios2-elf-objdump --disassemble --syms --all-header --source heart_beets.elf >heart_beets.objdump
[heart_beets build complete]
10:34:11 **** Incremental Build of configuration Nios II for project heart_beets ****
make all 
Info: Building ../heart_beets_bsp/
C:/intelFPGA/16.1/nios2eds/bin/gnu/H-x86_64-mingw32/bin/make --no-print-directory -C ../heart_beets_bsp/
[BSP build complete]
[heart_beets build complete]
10:34:48 **** Incremental Build of configuration Nios II for project heart_beets ****
make all 
Info: Building ../heart_beets_bsp/
C:/intelFPGA/16.1/nios2eds/bin/gnu/H-x86_64-mingw32/bin/make --no-print-directory -C ../heart_beets_bsp/
[BSP build complete]
Info: Compiling hello_world.c to obj/default/hello_world.o
nios2-elf-gcc -xc -MP -MMD -c -I../heart_beets_bsp//HAL/inc -I../heart_beets_bsp/ -I../heart_beets_bsp//drivers/inc  -pipe -D__hal__ -DALT_NO_INSTRUCTION_EMULATION -DALT_SINGLE_THREADED    -O0 -g -Wall   -mno-hw-div -mhw-mul -mno-hw-mulx -mgpopt=global  -o obj/default/hello_world.o hello_world.c
Info: Linking heart_beets.elf
nios2-elf-g++  -T'../heart_beets_bsp//linker.x' -msys-crt0='../heart_beets_bsp//obj/HAL/src/crt0.o' -msys-lib=hal_bsp -L../heart_beets_bsp/   -Wl,-Map=heart_beets.map   -O0 -g -Wall   -mno-hw-div -mhw-mul -mno-hw-mulx -mgpopt=global  -o heart_beets.elf obj/default/hello_world.o obj/default/pacemaker.o -lm -msys-lib=m
nios2-elf-insert heart_beets.elf --thread_model hal --cpu_name cpu --qsys true --simulation_enabled false --id 308784078 --sidp 0x0 --timestamp 1502336826 --stderr_dev jtag_uart --stdin_dev jtag_uart --stdout_dev jtag_uart --sopc_system_name nios2_system --quartus_project_dir "D:/303-Assignment-2/Lab___export/Prebuilt_Nios" --sopcinfo D:/303-Assignment-2/Lab___export/Prebuilt_Nios/software/heart_beets_bsp/../../nios2_system.sopcinfo
Info: (heart_beets.elf) 88 KBytes program size (code + initialized data).
Info:                   8096 KBytes free for stack + heap.
Info: Creating heart_beets.objdump
nios2-elf-objdump --disassemble --syms --all-header --source heart_beets.elf >heart_beets.objdump
[heart_beets build complete]
10:35:34 **** Incremental Build of configuration Nios II for project heart_beets ****
make all 
Info: Building ../heart_beets_bsp/
C:/intelFPGA/16.1/nios2eds/bin/gnu/H-x86_64-mingw32/bin/make --no-print-directory -C ../heart_beets_bsp/
[BSP build complete]
Info: Compiling hello_world.c to obj/default/hello_world.o
nios2-elf-gcc -xc -MP -MMD -c -I../heart_beets_bsp//HAL/inc -I../heart_beets_bsp/ -I../heart_beets_bsp//drivers/inc  -pipe -D__hal__ -DALT_NO_INSTRUCTION_EMULATION -DALT_SINGLE_THREADED    -O0 -g -Wall   -mno-hw-div -mhw-mul -mno-hw-mulx -mgpopt=global  -o obj/default/hello_world.o hello_world.c
Info: Linking heart_beets.elf
nios2-elf-g++  -T'../heart_beets_bsp//linker.x' -msys-crt0='../heart_beets_bsp//obj/HAL/src/crt0.o' -msys-lib=hal_bsp -L../heart_beets_bsp/   -Wl,-Map=heart_beets.map   -O0 -g -Wall   -mno-hw-div -mhw-mul -mno-hw-mulx -mgpopt=global  -o heart_beets.elf obj/default/hello_world.o obj/default/pacemaker.o -lm -msys-lib=m
nios2-elf-insert heart_beets.elf --thread_model hal --cpu_name cpu --qsys true --simulation_enabled false --id 308784078 --sidp 0x0 --timestamp 1502336826 --stderr_dev jtag_uart --stdin_dev jtag_uart --stdout_dev jtag_uart --sopc_system_name nios2_system --quartus_project_dir "D:/303-Assignment-2/Lab___export/Prebuilt_Nios" --sopcinfo D:/303-Assignment-2/Lab___export/Prebuilt_Nios/software/heart_beets_bsp/../../nios2_system.sopcinfo
Info: (heart_beets.elf) 88 KBytes program size (code + initialized data).
Info:                   8096 KBytes free for stack + heap.
Info: Creating heart_beets.objdump
nios2-elf-objdump --disassemble --syms --all-header --source heart_beets.elf >heart_beets.objdump
[heart_beets build complete]
10:36:11 **** Incremental Build of configuration Nios II for project heart_beets ****
make all 
Info: Building ../heart_beets_bsp/
C:/intelFPGA/16.1/nios2eds/bin/gnu/H-x86_64-mingw32/bin/make --no-print-directory -C ../heart_beets_bsp/
[BSP build complete]
Info: Compiling hello_world.c to obj/default/hello_world.o
nios2-elf-gcc -xc -MP -MMD -c -I../heart_beets_bsp//HAL/inc -I../heart_beets_bsp/ -I../heart_beets_bsp//drivers/inc  -pipe -D__hal__ -DALT_NO_INSTRUCTION_EMULATION -DALT_SINGLE_THREADED    -O0 -g -Wall   -mno-hw-div -mhw-mul -mno-hw-mulx -mgpopt=global  -o obj/default/hello_world.o hello_world.c
Info: Linking heart_beets.elf
nios2-elf-g++  -T'../heart_beets_bsp//linker.x' -msys-crt0='../heart_beets_bsp//obj/HAL/src/crt0.o' -msys-lib=hal_bsp -L../heart_beets_bsp/   -Wl,-Map=heart_beets.map   -O0 -g -Wall   -mno-hw-div -mhw-mul -mno-hw-mulx -mgpopt=global  -o heart_beets.elf obj/default/hello_world.o obj/default/pacemaker.o -lm -msys-lib=m
nios2-elf-insert heart_beets.elf --thread_model hal --cpu_name cpu --qsys true --simulation_enabled false --id 308784078 --sidp 0x0 --timestamp 1502336826 --stderr_dev jtag_uart --stdin_dev jtag_uart --stdout_dev jtag_uart --sopc_system_name nios2_system --quartus_project_dir "D:/303-Assignment-2/Lab___export/Prebuilt_Nios" --sopcinfo D:/303-Assignment-2/Lab___export/Prebuilt_Nios/software/heart_beets_bsp/../../nios2_system.sopcinfo
Info: (heart_beets.elf) 88 KBytes program size (code + initialized data).
Info:                   8096 KBytes free for stack + heap.
Info: Creating heart_beets.objdump
nios2-elf-objdump --disassemble --syms --all-header --source heart_beets.elf >heart_beets.objdump
[heart_beets build complete]
10:37:47 **** Incremental Build of configuration Nios II for project heart_beets ****
make all 
Info: Building ../heart_beets_bsp/
C:/intelFPGA/16.1/nios2eds/bin/gnu/H-x86_64-mingw32/bin/make --no-print-directory -C ../heart_beets_bsp/
[BSP build complete]
Info: Compiling hello_world.c to obj/default/hello_world.o
nios2-elf-gcc -xc -MP -MMD -c -I../heart_beets_bsp//HAL/inc -I../heart_beets_bsp/ -I../heart_beets_bsp//drivers/inc  -pipe -D__hal__ -DALT_NO_INSTRUCTION_EMULATION -DALT_SINGLE_THREADED    -O0 -g -Wall   -mno-hw-div -mhw-mul -mno-hw-mulx -mgpopt=global  -o obj/default/hello_world.o hello_world.c
Info: Linking heart_beets.elf
nios2-elf-g++  -T'../heart_beets_bsp//linker.x' -msys-crt0='../heart_beets_bsp//obj/HAL/src/crt0.o' -msys-lib=hal_bsp -L../heart_beets_bsp/   -Wl,-Map=heart_beets.map   -O0 -g -Wall   -mno-hw-div -mhw-mul -mno-hw-mulx -mgpopt=global  -o heart_beets.elf obj/default/hello_world.o obj/default/pacemaker.o -lm -msys-lib=m
nios2-elf-insert heart_beets.elf --thread_model hal --cpu_name cpu --qsys true --simulation_enabled false --id 308784078 --sidp 0x0 --timestamp 1502336826 --stderr_dev jtag_uart --stdin_dev jtag_uart --stdout_dev jtag_uart --sopc_system_name nios2_system --quartus_project_dir "D:/303-Assignment-2/Lab___export/Prebuilt_Nios" --sopcinfo D:/303-Assignment-2/Lab___export/Prebuilt_Nios/software/heart_beets_bsp/../../nios2_system.sopcinfo
Info: (heart_beets.elf) 88 KBytes program size (code + initialized data).
Info:                   8096 KBytes free for stack + heap.
Info: Creating heart_beets.objdump
nios2-elf-objdump --disassemble --syms --all-header --source heart_beets.elf >heart_beets.objdump
[heart_beets build complete]
10:42:30 **** Incremental Build of configuration Nios II for project heart_beets ****
make all 
Info: Building ../heart_beets_bsp/
C:/intelFPGA/16.1/nios2eds/bin/gnu/H-x86_64-mingw32/bin/make --no-print-directory -C ../heart_beets_bsp/
[BSP build complete]
Info: Compiling hello_world.c to obj/default/hello_world.o
nios2-elf-gcc -xc -MP -MMD -c -I../heart_beets_bsp//HAL/inc -I../heart_beets_bsp/ -I../heart_beets_bsp//drivers/inc  -pipe -D__hal__ -DALT_NO_INSTRUCTION_EMULATION -DALT_SINGLE_THREADED    -O0 -g -Wall   -mno-hw-div -mhw-mul -mno-hw-mulx -mgpopt=global  -o obj/default/hello_world.o hello_world.c
Info: Linking heart_beets.elf
nios2-elf-g++  -T'../heart_beets_bsp//linker.x' -msys-crt0='../heart_beets_bsp//obj/HAL/src/crt0.o' -msys-lib=hal_bsp -L../heart_beets_bsp/   -Wl,-Map=heart_beets.map   -O0 -g -Wall   -mno-hw-div -mhw-mul -mno-hw-mulx -mgpopt=global  -o heart_beets.elf obj/default/hello_world.o obj/default/pacemaker.o -lm -msys-lib=m
nios2-elf-insert heart_beets.elf --thread_model hal --cpu_name cpu --qsys true --simulation_enabled false --id 308784078 --sidp 0x0 --timestamp 1502336826 --stderr_dev jtag_uart --stdin_dev jtag_uart --stdout_dev jtag_uart --sopc_system_name nios2_system --quartus_project_dir "D:/303-Assignment-2/Lab___export/Prebuilt_Nios" --sopcinfo D:/303-Assignment-2/Lab___export/Prebuilt_Nios/software/heart_beets_bsp/../../nios2_system.sopcinfo
Info: (heart_beets.elf) 88 KBytes program size (code + initialized data).
Info:                   8096 KBytes free for stack + heap.
Info: Creating heart_beets.objdump
nios2-elf-objdump --disassemble --syms --all-header --source heart_beets.elf >heart_beets.objdump
[heart_beets build complete]
10:43:33 **** Incremental Build of configuration Nios II for project heart_beets ****
make all 
Info: Building ../heart_beets_bsp/
C:/intelFPGA/16.1/nios2eds/bin/gnu/H-x86_64-mingw32/bin/make --no-print-directory -C ../heart_beets_bsp/
[BSP build complete]
Info: Compiling hello_world.c to obj/default/hello_world.o
nios2-elf-gcc -xc -MP -MMD -c -I../heart_beets_bsp//HAL/inc -I../heart_beets_bsp/ -I../heart_beets_bsp//drivers/inc  -pipe -D__hal__ -DALT_NO_INSTRUCTION_EMULATION -DALT_SINGLE_THREADED    -O0 -g -Wall   -mno-hw-div -mhw-mul -mno-hw-mulx -mgpopt=global  -o obj/default/hello_world.o hello_world.c
Info: Linking heart_beets.elf
nios2-elf-g++  -T'../heart_beets_bsp//linker.x' -msys-crt0='../heart_beets_bsp//obj/HAL/src/crt0.o' -msys-lib=hal_bsp -L../heart_beets_bsp/   -Wl,-Map=heart_beets.map   -O0 -g -Wall   -mno-hw-div -mhw-mul -mno-hw-mulx -mgpopt=global  -o heart_beets.elf obj/default/hello_world.o obj/default/pacemaker.o -lm -msys-lib=m
nios2-elf-insert heart_beets.elf --thread_model hal --cpu_name cpu --qsys true --simulation_enabled false --id 308784078 --sidp 0x0 --timestamp 1502336826 --stderr_dev jtag_uart --stdin_dev jtag_uart --stdout_dev jtag_uart --sopc_system_name nios2_system --quartus_project_dir "D:/303-Assignment-2/Lab___export/Prebuilt_Nios" --sopcinfo D:/303-Assignment-2/Lab___export/Prebuilt_Nios/software/heart_beets_bsp/../../nios2_system.sopcinfo
Info: (heart_beets.elf) 88 KBytes program size (code + initialized data).
Info:                   8096 KBytes free for stack + heap.
Info: Creating heart_beets.objdump
nios2-elf-objdump --disassemble --syms --all-header --source heart_beets.elf >heart_beets.objdump
[heart_beets build complete]
10:46:56 **** Incremental Build of configuration Nios II for project heart_beets ****
make all 
Info: Building ../heart_beets_bsp/
C:/intelFPGA/16.1/nios2eds/bin/gnu/H-x86_64-mingw32/bin/make --no-print-directory -C ../heart_beets_bsp/
[BSP build complete]
Info: Compiling hello_world.c to obj/default/hello_world.o
nios2-elf-gcc -xc -MP -MMD -c -I../heart_beets_bsp//HAL/inc -I../heart_beets_bsp/ -I../heart_beets_bsp//drivers/inc  -pipe -D__hal__ -DALT_NO_INSTRUCTION_EMULATION -DALT_SINGLE_THREADED    -O0 -g -Wall   -mno-hw-div -mhw-mul -mno-hw-mulx -mgpopt=global  -o obj/default/hello_world.o hello_world.c
Info: Linking heart_beets.elf
nios2-elf-g++  -T'../heart_beets_bsp//linker.x' -msys-crt0='../heart_beets_bsp//obj/HAL/src/crt0.o' -msys-lib=hal_bsp -L../heart_beets_bsp/   -Wl,-Map=heart_beets.map   -O0 -g -Wall   -mno-hw-div -mhw-mul -mno-hw-mulx -mgpopt=global  -o heart_beets.elf obj/default/hello_world.o obj/default/pacemaker.o -lm -msys-lib=m
nios2-elf-insert heart_beets.elf --thread_model hal --cpu_name cpu --qsys true --simulation_enabled false --id 308784078 --sidp 0x0 --timestamp 1502336826 --stderr_dev jtag_uart --stdin_dev jtag_uart --stdout_dev jtag_uart --sopc_system_name nios2_system --quartus_project_dir "D:/303-Assignment-2/Lab___export/Prebuilt_Nios" --sopcinfo D:/303-Assignment-2/Lab___export/Prebuilt_Nios/software/heart_beets_bsp/../../nios2_system.sopcinfo
Info: (heart_beets.elf) 88 KBytes program size (code + initialized data).
Info:                   8096 KBytes free for stack + heap.
Info: Creating heart_beets.objdump
nios2-elf-objdump --disassemble --syms --all-header --source heart_beets.elf >heart_beets.objdump
[heart_beets build complete]
10:49:34 **** Incremental Build of configuration Nios II for project heart_beets ****
make all 
Info: Building ../heart_beets_bsp/
C:/intelFPGA/16.1/nios2eds/bin/gnu/H-x86_64-mingw32/bin/make --no-print-directory -C ../heart_beets_bsp/
[BSP build complete]
Info: Compiling hello_world.c to obj/default/hello_world.o
nios2-elf-gcc -xc -MP -MMD -c -I../heart_beets_bsp//HAL/inc -I../heart_beets_bsp/ -I../heart_beets_bsp//drivers/inc  -pipe -D__hal__ -DALT_NO_INSTRUCTION_EMULATION -DALT_SINGLE_THREADED    -O0 -g -Wall   -mno-hw-div -mhw-mul -mno-hw-mulx -mgpopt=global  -o obj/default/hello_world.o hello_world.c
Info: Linking heart_beets.elf
nios2-elf-g++  -T'../heart_beets_bsp//linker.x' -msys-crt0='../heart_beets_bsp//obj/HAL/src/crt0.o' -msys-lib=hal_bsp -L../heart_beets_bsp/   -Wl,-Map=heart_beets.map   -O0 -g -Wall   -mno-hw-div -mhw-mul -mno-hw-mulx -mgpopt=global  -o heart_beets.elf obj/default/hello_world.o obj/default/pacemaker.o -lm -msys-lib=m
nios2-elf-insert heart_beets.elf --thread_model hal --cpu_name cpu --qsys true --simulation_enabled false --id 308784078 --sidp 0x0 --timestamp 1502336826 --stderr_dev jtag_uart --stdin_dev jtag_uart --stdout_dev jtag_uart --sopc_system_name nios2_system --quartus_project_dir "D:/303-Assignment-2/Lab___export/Prebuilt_Nios" --sopcinfo D:/303-Assignment-2/Lab___export/Prebuilt_Nios/software/heart_beets_bsp/../../nios2_system.sopcinfo
Info: (heart_beets.elf) 88 KBytes program size (code + initialized data).
Info:                   8096 KBytes free for stack + heap.
Info: Creating heart_beets.objdump
nios2-elf-objdump --disassemble --syms --all-header --source heart_beets.elf >heart_beets.objdump
[heart_beets build complete]
10:50:31 **** Incremental Build of configuration Nios II for project heart_beets ****
make all 
Info: Building ../heart_beets_bsp/
C:/intelFPGA/16.1/nios2eds/bin/gnu/H-x86_64-mingw32/bin/make --no-print-directory -C ../heart_beets_bsp/
[BSP build complete]
Info: Compiling hello_world.c to obj/default/hello_world.o
nios2-elf-gcc -xc -MP -MMD -c -I../heart_beets_bsp//HAL/inc -I../heart_beets_bsp/ -I../heart_beets_bsp//drivers/inc  -pipe -D__hal__ -DALT_NO_INSTRUCTION_EMULATION -DALT_SINGLE_THREADED    -O0 -g -Wall   -mno-hw-div -mhw-mul -mno-hw-mulx -mgpopt=global  -o obj/default/hello_world.o hello_world.c
Info: Linking heart_beets.elf
nios2-elf-g++  -T'../heart_beets_bsp//linker.x' -msys-crt0='../heart_beets_bsp//obj/HAL/src/crt0.o' -msys-lib=hal_bsp -L../heart_beets_bsp/   -Wl,-Map=heart_beets.map   -O0 -g -Wall   -mno-hw-div -mhw-mul -mno-hw-mulx -mgpopt=global  -o heart_beets.elf obj/default/hello_world.o obj/default/pacemaker.o -lm -msys-lib=m
nios2-elf-insert heart_beets.elf --thread_model hal --cpu_name cpu --qsys true --simulation_enabled false --id 308784078 --sidp 0x0 --timestamp 1502336826 --stderr_dev jtag_uart --stdin_dev jtag_uart --stdout_dev jtag_uart --sopc_system_name nios2_system --quartus_project_dir "D:/303-Assignment-2/Lab___export/Prebuilt_Nios" --sopcinfo D:/303-Assignment-2/Lab___export/Prebuilt_Nios/software/heart_beets_bsp/../../nios2_system.sopcinfo
Info: (heart_beets.elf) 88 KBytes program size (code + initialized data).
Info:                   8096 KBytes free for stack + heap.
Info: Creating heart_beets.objdump
nios2-elf-objdump --disassemble --syms --all-header --source heart_beets.elf >heart_beets.objdump
[heart_beets build complete]
10:53:16 **** Incremental Build of configuration Nios II for project heart_beets ****
make all 
Info: Building ../heart_beets_bsp/
C:/intelFPGA/16.1/nios2eds/bin/gnu/H-x86_64-mingw32/bin/make --no-print-directory -C ../heart_beets_bsp/
[BSP build complete]
Info: Compiling hello_world.c to obj/default/hello_world.o
nios2-elf-gcc -xc -MP -MMD -c -I../heart_beets_bsp//HAL/inc -I../heart_beets_bsp/ -I../heart_beets_bsp//drivers/inc  -pipe -D__hal__ -DALT_NO_INSTRUCTION_EMULATION -DALT_SINGLE_THREADED    -O0 -g -Wall   -mno-hw-div -mhw-mul -mno-hw-mulx -mgpopt=global  -o obj/default/hello_world.o hello_world.c
Info: Linking heart_beets.elf
nios2-elf-g++  -T'../heart_beets_bsp//linker.x' -msys-crt0='../heart_beets_bsp//obj/HAL/src/crt0.o' -msys-lib=hal_bsp -L../heart_beets_bsp/   -Wl,-Map=heart_beets.map   -O0 -g -Wall   -mno-hw-div -mhw-mul -mno-hw-mulx -mgpopt=global  -o heart_beets.elf obj/default/hello_world.o obj/default/pacemaker.o -lm -msys-lib=m
nios2-elf-insert heart_beets.elf --thread_model hal --cpu_name cpu --qsys true --simulation_enabled false --id 308784078 --sidp 0x0 --timestamp 1502336826 --stderr_dev jtag_uart --stdin_dev jtag_uart --stdout_dev jtag_uart --sopc_system_name nios2_system --quartus_project_dir "D:/303-Assignment-2/Lab___export/Prebuilt_Nios" --sopcinfo D:/303-Assignment-2/Lab___export/Prebuilt_Nios/software/heart_beets_bsp/../../nios2_system.sopcinfo
Info: (heart_beets.elf) 88 KBytes program size (code + initialized data).
Info:                   8096 KBytes free for stack + heap.
Info: Creating heart_beets.objdump
nios2-elf-objdump --disassemble --syms --all-header --source heart_beets.elf >heart_beets.objdump
[heart_beets build complete]
10:57:12 **** Incremental Build of configuration Nios II for project heart_beets ****
make all 
Info: Building ../heart_beets_bsp/
C:/intelFPGA/16.1/nios2eds/bin/gnu/H-x86_64-mingw32/bin/make --no-print-directory -C ../heart_beets_bsp/
[BSP build complete]
Info: Compiling hello_world.c to obj/default/hello_world.o
nios2-elf-gcc -xc -MP -MMD -c -I../heart_beets_bsp//HAL/inc -I../heart_beets_bsp/ -I../heart_beets_bsp//drivers/inc  -pipe -D__hal__ -DALT_NO_INSTRUCTION_EMULATION -DALT_SINGLE_THREADED    -O0 -g -Wall   -mno-hw-div -mhw-mul -mno-hw-mulx -mgpopt=global  -o obj/default/hello_world.o hello_world.c
Info: Linking heart_beets.elf
nios2-elf-g++  -T'../heart_beets_bsp//linker.x' -msys-crt0='../heart_beets_bsp//obj/HAL/src/crt0.o' -msys-lib=hal_bsp -L../heart_beets_bsp/   -Wl,-Map=heart_beets.map   -O0 -g -Wall   -mno-hw-div -mhw-mul -mno-hw-mulx -mgpopt=global  -o heart_beets.elf obj/default/hello_world.o obj/default/pacemaker.o -lm -msys-lib=m
nios2-elf-insert heart_beets.elf --thread_model hal --cpu_name cpu --qsys true --simulation_enabled false --id 308784078 --sidp 0x0 --timestamp 1502336826 --stderr_dev jtag_uart --stdin_dev jtag_uart --stdout_dev jtag_uart --sopc_system_name nios2_system --quartus_project_dir "D:/303-Assignment-2/Lab___export/Prebuilt_Nios" --sopcinfo D:/303-Assignment-2/Lab___export/Prebuilt_Nios/software/heart_beets_bsp/../../nios2_system.sopcinfo
Info: (heart_beets.elf) 88 KBytes program size (code + initialized data).
Info:                   8096 KBytes free for stack + heap.
Info: Creating heart_beets.objdump
nios2-elf-objdump --disassemble --syms --all-header --source heart_beets.elf >heart_beets.objdump
[heart_beets build complete]
10:57:44 **** Incremental Build of configuration Nios II for project heart_beets ****
make all 
Info: Building ../heart_beets_bsp/
C:/intelFPGA/16.1/nios2eds/bin/gnu/H-x86_64-mingw32/bin/make --no-print-directory -C ../heart_beets_bsp/
[BSP build complete]
[heart_beets build complete]
10:59:04 **** Incremental Build of configuration Nios II for project heart_beets ****
make all 
Info: Building ../heart_beets_bsp/
C:/intelFPGA/16.1/nios2eds/bin/gnu/H-x86_64-mingw32/bin/make --no-print-directory -C ../heart_beets_bsp/
[BSP build complete]
Info: Compiling hello_world.c to obj/default/hello_world.o
nios2-elf-gcc -xc -MP -MMD -c -I../heart_beets_bsp//HAL/inc -I../heart_beets_bsp/ -I../heart_beets_bsp//drivers/inc  -pipe -D__hal__ -DALT_NO_INSTRUCTION_EMULATION -DALT_SINGLE_THREADED    -O0 -g -Wall   -mno-hw-div -mhw-mul -mno-hw-mulx -mgpopt=global  -o obj/default/hello_world.o hello_world.c
Info: Linking heart_beets.elf
nios2-elf-g++  -T'../heart_beets_bsp//linker.x' -msys-crt0='../heart_beets_bsp//obj/HAL/src/crt0.o' -msys-lib=hal_bsp -L../heart_beets_bsp/   -Wl,-Map=heart_beets.map   -O0 -g -Wall   -mno-hw-div -mhw-mul -mno-hw-mulx -mgpopt=global  -o heart_beets.elf obj/default/hello_world.o obj/default/pacemaker.o -lm -msys-lib=m
nios2-elf-insert heart_beets.elf --thread_model hal --cpu_name cpu --qsys true --simulation_enabled false --id 308784078 --sidp 0x0 --timestamp 1502336826 --stderr_dev jtag_uart --stdin_dev jtag_uart --stdout_dev jtag_uart --sopc_system_name nios2_system --quartus_project_dir "D:/303-Assignment-2/Lab___export/Prebuilt_Nios" --sopcinfo D:/303-Assignment-2/Lab___export/Prebuilt_Nios/software/heart_beets_bsp/../../nios2_system.sopcinfo
Info: (heart_beets.elf) 88 KBytes program size (code + initialized data).
Info:                   8096 KBytes free for stack + heap.
Info: Creating heart_beets.objdump
nios2-elf-objdump --disassemble --syms --all-header --source heart_beets.elf >heart_beets.objdump
[heart_beets build complete]
10:59:23 **** Incremental Build of configuration Nios II for project heart_beets ****
make all 
Info: Building ../heart_beets_bsp/
C:/intelFPGA/16.1/nios2eds/bin/gnu/H-x86_64-mingw32/bin/make --no-print-directory -C ../heart_beets_bsp/
[BSP build complete]
[heart_beets build complete]
11:12:33 **** Incremental Build of configuration Nios II for project heart_beets ****
make all 
Info: Building ../heart_beets_bsp/
C:/intelFPGA/16.1/nios2eds/bin/gnu/H-x86_64-mingw32/bin/make --no-print-directory -C ../heart_beets_bsp/
[BSP build complete]
Info: Compiling hello_world.c to obj/default/hello_world.o
nios2-elf-gcc -xc -MP -MMD -c -I../heart_beets_bsp//HAL/inc -I../heart_beets_bsp/ -I../heart_beets_bsp//drivers/inc  -pipe -D__hal__ -DALT_NO_INSTRUCTION_EMULATION -DALT_SINGLE_THREADED    -O0 -g -Wall   -mno-hw-div -mhw-mul -mno-hw-mulx -mgpopt=global  -o obj/default/hello_world.o hello_world.c
Info: Linking heart_beets.elf
nios2-elf-g++  -T'../heart_beets_bsp//linker.x' -msys-crt0='../heart_beets_bsp//obj/HAL/src/crt0.o' -msys-lib=hal_bsp -L../heart_beets_bsp/   -Wl,-Map=heart_beets.map   -O0 -g -Wall   -mno-hw-div -mhw-mul -mno-hw-mulx -mgpopt=global  -o heart_beets.elf obj/default/hello_world.o obj/default/pacemaker.o -lm -msys-lib=m
nios2-elf-insert heart_beets.elf --thread_model hal --cpu_name cpu --qsys true --simulation_enabled false --id 308784078 --sidp 0x0 --timestamp 1502336826 --stderr_dev jtag_uart --stdin_dev jtag_uart --stdout_dev jtag_uart --sopc_system_name nios2_system --quartus_project_dir "D:/303-Assignment-2/Lab___export/Prebuilt_Nios" --sopcinfo D:/303-Assignment-2/Lab___export/Prebuilt_Nios/software/heart_beets_bsp/../../nios2_system.sopcinfo
Info: (heart_beets.elf) 88 KBytes program size (code + initialized data).
Info:                   8096 KBytes free for stack + heap.
Info: Creating heart_beets.objdump
nios2-elf-objdump --disassemble --syms --all-header --source heart_beets.elf >heart_beets.objdump
[heart_beets build complete]
11:12:53 **** Incremental Build of configuration Nios II for project heart_beets ****
make all 
Info: Building ../heart_beets_bsp/
C:/intelFPGA/16.1/nios2eds/bin/gnu/H-x86_64-mingw32/bin/make --no-print-directory -C ../heart_beets_bsp/
[BSP build complete]
[heart_beets build complete]
11:17:13 **** Incremental Build of configuration Nios II for project heart_beets ****
make all 
Info: Building ../heart_beets_bsp/
C:/intelFPGA/16.1/nios2eds/bin/gnu/H-x86_64-mingw32/bin/make --no-print-directory -C ../heart_beets_bsp/
[BSP build complete]
Info: Compiling hello_world.c to obj/default/hello_world.o
nios2-elf-gcc -xc -MP -MMD -c -I../heart_beets_bsp//HAL/inc -I../heart_beets_bsp/ -I../heart_beets_bsp//drivers/inc  -pipe -D__hal__ -DALT_NO_INSTRUCTION_EMULATION -DALT_SINGLE_THREADED    -O0 -g -Wall   -mno-hw-div -mhw-mul -mno-hw-mulx -mgpopt=global  -o obj/default/hello_world.o hello_world.c
Info: Linking heart_beets.elf
nios2-elf-g++  -T'../heart_beets_bsp//linker.x' -msys-crt0='../heart_beets_bsp//obj/HAL/src/crt0.o' -msys-lib=hal_bsp -L../heart_beets_bsp/   -Wl,-Map=heart_beets.map   -O0 -g -Wall   -mno-hw-div -mhw-mul -mno-hw-mulx -mgpopt=global  -o heart_beets.elf obj/default/hello_world.o obj/default/pacemaker.o -lm -msys-lib=m
nios2-elf-insert heart_beets.elf --thread_model hal --cpu_name cpu --qsys true --simulation_enabled false --id 308784078 --sidp 0x0 --timestamp 1502336826 --stderr_dev jtag_uart --stdin_dev jtag_uart --stdout_dev jtag_uart --sopc_system_name nios2_system --quartus_project_dir "D:/303-Assignment-2/Lab___export/Prebuilt_Nios" --sopcinfo D:/303-Assignment-2/Lab___export/Prebuilt_Nios/software/heart_beets_bsp/../../nios2_system.sopcinfo
Info: (heart_beets.elf) 88 KBytes program size (code + initialized data).
Info:                   8096 KBytes free for stack + heap.
Info: Creating heart_beets.objdump
nios2-elf-objdump --disassemble --syms --all-header --source heart_beets.elf >heart_beets.objdump
[heart_beets build complete]
11:20:03 **** Incremental Build of configuration Nios II for project heart_beets ****
make all 
Info: Building ../heart_beets_bsp/
C:/intelFPGA/16.1/nios2eds/bin/gnu/H-x86_64-mingw32/bin/make --no-print-directory -C ../heart_beets_bsp/
[BSP build complete]
Info: Compiling hello_world.c to obj/default/hello_world.o
nios2-elf-gcc -xc -MP -MMD -c -I../heart_beets_bsp//HAL/inc -I../heart_beets_bsp/ -I../heart_beets_bsp//drivers/inc  -pipe -D__hal__ -DALT_NO_INSTRUCTION_EMULATION -DALT_SINGLE_THREADED    -O0 -g -Wall   -mno-hw-div -mhw-mul -mno-hw-mulx -mgpopt=global  -o obj/default/hello_world.o hello_world.c
Info: Linking heart_beets.elf
nios2-elf-g++  -T'../heart_beets_bsp//linker.x' -msys-crt0='../heart_beets_bsp//obj/HAL/src/crt0.o' -msys-lib=hal_bsp -L../heart_beets_bsp/   -Wl,-Map=heart_beets.map   -O0 -g -Wall   -mno-hw-div -mhw-mul -mno-hw-mulx -mgpopt=global  -o heart_beets.elf obj/default/hello_world.o obj/default/pacemaker.o -lm -msys-lib=m
nios2-elf-insert heart_beets.elf --thread_model hal --cpu_name cpu --qsys true --simulation_enabled false --id 308784078 --sidp 0x0 --timestamp 1502336826 --stderr_dev jtag_uart --stdin_dev jtag_uart --stdout_dev jtag_uart --sopc_system_name nios2_system --quartus_project_dir "D:/303-Assignment-2/Lab___export/Prebuilt_Nios" --sopcinfo D:/303-Assignment-2/Lab___export/Prebuilt_Nios/software/heart_beets_bsp/../../nios2_system.sopcinfo
Info: (heart_beets.elf) 88 KBytes program size (code + initialized data).
Info:                   8096 KBytes free for stack + heap.
Info: Creating heart_beets.objdump
nios2-elf-objdump --disassemble --syms --all-header --source heart_beets.elf >heart_beets.objdump
[heart_beets build complete]
11:24:00 **** Incremental Build of configuration Nios II for project heart_beets ****
make all 
Info: Building ../heart_beets_bsp/
C:/intelFPGA/16.1/nios2eds/bin/gnu/H-x86_64-mingw32/bin/make --no-print-directory -C ../heart_beets_bsp/
[BSP build complete]
Info: Compiling hello_world.c to obj/default/hello_world.o
nios2-elf-gcc -xc -MP -MMD -c -I../heart_beets_bsp//HAL/inc -I../heart_beets_bsp/ -I../heart_beets_bsp//drivers/inc  -pipe -D__hal__ -DALT_NO_INSTRUCTION_EMULATION -DALT_SINGLE_THREADED    -O0 -g -Wall   -mno-hw-div -mhw-mul -mno-hw-mulx -mgpopt=global  -o obj/default/hello_world.o hello_world.c
Info: Linking heart_beets.elf
nios2-elf-g++  -T'../heart_beets_bsp//linker.x' -msys-crt0='../heart_beets_bsp//obj/HAL/src/crt0.o' -msys-lib=hal_bsp -L../heart_beets_bsp/   -Wl,-Map=heart_beets.map   -O0 -g -Wall   -mno-hw-div -mhw-mul -mno-hw-mulx -mgpopt=global  -o heart_beets.elf obj/default/hello_world.o obj/default/pacemaker.o -lm -msys-lib=m
nios2-elf-insert heart_beets.elf --thread_model hal --cpu_name cpu --qsys true --simulation_enabled false --id 308784078 --sidp 0x0 --timestamp 1502336826 --stderr_dev jtag_uart --stdin_dev jtag_uart --stdout_dev jtag_uart --sopc_system_name nios2_system --quartus_project_dir "D:/303-Assignment-2/Lab___export/Prebuilt_Nios" --sopcinfo D:/303-Assignment-2/Lab___export/Prebuilt_Nios/software/heart_beets_bsp/../../nios2_system.sopcinfo
Info: (heart_beets.elf) 88 KBytes program size (code + initialized data).
Info:                   8096 KBytes free for stack + heap.
Info: Creating heart_beets.objdump
nios2-elf-objdump --disassemble --syms --all-header --source heart_beets.elf >heart_beets.objdump
[heart_beets build complete]
11:29:17 **** Incremental Build of configuration Nios II for project heart_beets ****
make all 
Info: Building ../heart_beets_bsp/
C:/intelFPGA/16.1/nios2eds/bin/gnu/H-x86_64-mingw32/bin/make --no-print-directory -C ../heart_beets_bsp/
[BSP build complete]
Info: Compiling hello_world.c to obj/default/hello_world.o
nios2-elf-gcc -xc -MP -MMD -c -I../heart_beets_bsp//HAL/inc -I../heart_beets_bsp/ -I../heart_beets_bsp//drivers/inc  -pipe -D__hal__ -DALT_NO_INSTRUCTION_EMULATION -DALT_SINGLE_THREADED    -O0 -g -Wall   -mno-hw-div -mhw-mul -mno-hw-mulx -mgpopt=global  -o obj/default/hello_world.o hello_world.c
Info: Compiling pacemaker.c to obj/default/pacemaker.o
nios2-elf-gcc -xc -MP -MMD -c -I../heart_beets_bsp//HAL/inc -I../heart_beets_bsp/ -I../heart_beets_bsp//drivers/inc  -pipe -D__hal__ -DALT_NO_INSTRUCTION_EMULATION -DALT_SINGLE_THREADED    -O0 -g -Wall   -mno-hw-div -mhw-mul -mno-hw-mulx -mgpopt=global  -o obj/default/pacemaker.o pacemaker.c
Info: Linking heart_beets.elf
nios2-elf-g++  -T'../heart_beets_bsp//linker.x' -msys-crt0='../heart_beets_bsp//obj/HAL/src/crt0.o' -msys-lib=hal_bsp -L../heart_beets_bsp/   -Wl,-Map=heart_beets.map   -O0 -g -Wall   -mno-hw-div -mhw-mul -mno-hw-mulx -mgpopt=global  -o heart_beets.elf obj/default/hello_world.o obj/default/pacemaker.o -lm -msys-lib=m
nios2-elf-insert heart_beets.elf --thread_model hal --cpu_name cpu --qsys true --simulation_enabled false --id 308784078 --sidp 0x0 --timestamp 1502336826 --stderr_dev jtag_uart --stdin_dev jtag_uart --stdout_dev jtag_uart --sopc_system_name nios2_system --quartus_project_dir "D:/303-Assignment-2/Lab___export/Prebuilt_Nios" --sopcinfo D:/303-Assignment-2/Lab___export/Prebuilt_Nios/software/heart_beets_bsp/../../nios2_system.sopcinfo
Info: (heart_beets.elf) 88 KBytes program size (code + initialized data).
Info:                   8096 KBytes free for stack + heap.
Info: Creating heart_beets.objdump
nios2-elf-objdump --disassemble --syms --all-header --source heart_beets.elf >heart_beets.objdump
[heart_beets build complete]
11:35:43 **** Incremental Build of configuration Nios II for project heart_beets ****
make all 
Info: Building ../heart_beets_bsp/
C:/intelFPGA/16.1/nios2eds/bin/gnu/H-x86_64-mingw32/bin/make --no-print-directory -C ../heart_beets_bsp/
[BSP build complete]
Info: Compiling hello_world.c to obj/default/hello_world.o
nios2-elf-gcc -xc -MP -MMD -c -I../heart_beets_bsp//HAL/inc -I../heart_beets_bsp/ -I../heart_beets_bsp//drivers/inc  -pipe -D__hal__ -DALT_NO_INSTRUCTION_EMULATION -DALT_SINGLE_THREADED    -O0 -g -Wall   -mno-hw-div -mhw-mul -mno-hw-mulx -mgpopt=global  -o obj/default/hello_world.o hello_world.c
Info: Linking heart_beets.elf
nios2-elf-g++  -T'../heart_beets_bsp//linker.x' -msys-crt0='../heart_beets_bsp//obj/HAL/src/crt0.o' -msys-lib=hal_bsp -L../heart_beets_bsp/   -Wl,-Map=heart_beets.map   -O0 -g -Wall   -mno-hw-div -mhw-mul -mno-hw-mulx -mgpopt=global  -o heart_beets.elf obj/default/hello_world.o obj/default/pacemaker.o -lm -msys-lib=m
nios2-elf-insert heart_beets.elf --thread_model hal --cpu_name cpu --qsys true --simulation_enabled false --id 308784078 --sidp 0x0 --timestamp 1502336826 --stderr_dev jtag_uart --stdin_dev jtag_uart --stdout_dev jtag_uart --sopc_system_name nios2_system --quartus_project_dir "D:/303-Assignment-2/Lab___export/Prebuilt_Nios" --sopcinfo D:/303-Assignment-2/Lab___export/Prebuilt_Nios/software/heart_beets_bsp/../../nios2_system.sopcinfo
Info: (heart_beets.elf) 88 KBytes program size (code + initialized data).
Info:                   8096 KBytes free for stack + heap.
Info: Creating heart_beets.objdump
nios2-elf-objdump --disassemble --syms --all-header --source heart_beets.elf >heart_beets.objdump
[heart_beets build complete]
11:37:40 **** Incremental Build of configuration Nios II for project heart_beets ****
make all 
Info: Building ../heart_beets_bsp/
C:/intelFPGA/16.1/nios2eds/bin/gnu/H-x86_64-mingw32/bin/make --no-print-directory -C ../heart_beets_bsp/
[BSP build complete]
Info: Compiling pacemaker.c to obj/default/pacemaker.o
nios2-elf-gcc -xc -MP -MMD -c -I../heart_beets_bsp//HAL/inc -I../heart_beets_bsp/ -I../heart_beets_bsp//drivers/inc  -pipe -D__hal__ -DALT_NO_INSTRUCTION_EMULATION -DALT_SINGLE_THREADED    -O0 -g -Wall   -mno-hw-div -mhw-mul -mno-hw-mulx -mgpopt=global  -o obj/default/pacemaker.o pacemaker.c
Info: Linking heart_beets.elf
nios2-elf-g++  -T'../heart_beets_bsp//linker.x' -msys-crt0='../heart_beets_bsp//obj/HAL/src/crt0.o' -msys-lib=hal_bsp -L../heart_beets_bsp/   -Wl,-Map=heart_beets.map   -O0 -g -Wall   -mno-hw-div -mhw-mul -mno-hw-mulx -mgpopt=global  -o heart_beets.elf obj/default/hello_world.o obj/default/pacemaker.o -lm -msys-lib=m
nios2-elf-insert heart_beets.elf --thread_model hal --cpu_name cpu --qsys true --simulation_enabled false --id 308784078 --sidp 0x0 --timestamp 1502336826 --stderr_dev jtag_uart --stdin_dev jtag_uart --stdout_dev jtag_uart --sopc_system_name nios2_system --quartus_project_dir "D:/303-Assignment-2/Lab___export/Prebuilt_Nios" --sopcinfo D:/303-Assignment-2/Lab___export/Prebuilt_Nios/software/heart_beets_bsp/../../nios2_system.sopcinfo
Info: (heart_beets.elf) 88 KBytes program size (code + initialized data).
Info:                   8095 KBytes free for stack + heap.
Info: Creating heart_beets.objdump
nios2-elf-objdump --disassemble --syms --all-header --source heart_beets.elf >heart_beets.objdump
[heart_beets build complete]
11:38:06 **** Incremental Build of configuration Nios II for project heart_beets ****
make all 
Info: Building ../heart_beets_bsp/
C:/intelFPGA/16.1/nios2eds/bin/gnu/H-x86_64-mingw32/bin/make --no-print-directory -C ../heart_beets_bsp/
[BSP build complete]
[heart_beets build complete]
11:39:27 **** Incremental Build of configuration Nios II for project heart_beets ****
make all 
Info: Building ../heart_beets_bsp/
C:/intelFPGA/16.1/nios2eds/bin/gnu/H-x86_64-mingw32/bin/make --no-print-directory -C ../heart_beets_bsp/
[BSP build complete]
Info: Compiling hello_world.c to obj/default/hello_world.o
nios2-elf-gcc -xc -MP -MMD -c -I../heart_beets_bsp//HAL/inc -I../heart_beets_bsp/ -I../heart_beets_bsp//drivers/inc  -pipe -D__hal__ -DALT_NO_INSTRUCTION_EMULATION -DALT_SINGLE_THREADED    -O0 -g -Wall   -mno-hw-div -mhw-mul -mno-hw-mulx -mgpopt=global  -o obj/default/hello_world.o hello_world.c
Info: Linking heart_beets.elf
nios2-elf-g++  -T'../heart_beets_bsp//linker.x' -msys-crt0='../heart_beets_bsp//obj/HAL/src/crt0.o' -msys-lib=hal_bsp -L../heart_beets_bsp/   -Wl,-Map=heart_beets.map   -O0 -g -Wall   -mno-hw-div -mhw-mul -mno-hw-mulx -mgpopt=global  -o heart_beets.elf obj/default/hello_world.o obj/default/pacemaker.o -lm -msys-lib=m
nios2-elf-insert heart_beets.elf --thread_model hal --cpu_name cpu --qsys true --simulation_enabled false --id 308784078 --sidp 0x0 --timestamp 1502336826 --stderr_dev jtag_uart --stdin_dev jtag_uart --stdout_dev jtag_uart --sopc_system_name nios2_system --quartus_project_dir "D:/303-Assignment-2/Lab___export/Prebuilt_Nios" --sopcinfo D:/303-Assignment-2/Lab___export/Prebuilt_Nios/software/heart_beets_bsp/../../nios2_system.sopcinfo
Info: (heart_beets.elf) 88 KBytes program size (code + initialized data).
Info:                   8095 KBytes free for stack + heap.
Info: Creating heart_beets.objdump
nios2-elf-objdump --disassemble --syms --all-header --source heart_beets.elf >heart_beets.objdump
[heart_beets build complete]
11:41:32 **** Incremental Build of configuration Nios II for project heart_beets ****
make all 
Info: Building ../heart_beets_bsp/
C:/intelFPGA/16.1/nios2eds/bin/gnu/H-x86_64-mingw32/bin/make --no-print-directory -C ../heart_beets_bsp/
[BSP build complete]
Info: Compiling hello_world.c to obj/default/hello_world.o
nios2-elf-gcc -xc -MP -MMD -c -I../heart_beets_bsp//HAL/inc -I../heart_beets_bsp/ -I../heart_beets_bsp//drivers/inc  -pipe -D__hal__ -DALT_NO_INSTRUCTION_EMULATION -DALT_SINGLE_THREADED    -O0 -g -Wall   -mno-hw-div -mhw-mul -mno-hw-mulx -mgpopt=global  -o obj/default/hello_world.o hello_world.c
Info: Linking heart_beets.elf
nios2-elf-g++  -T'../heart_beets_bsp//linker.x' -msys-crt0='../heart_beets_bsp//obj/HAL/src/crt0.o' -msys-lib=hal_bsp -L../heart_beets_bsp/   -Wl,-Map=heart_beets.map   -O0 -g -Wall   -mno-hw-div -mhw-mul -mno-hw-mulx -mgpopt=global  -o heart_beets.elf obj/default/hello_world.o obj/default/pacemaker.o -lm -msys-lib=m
nios2-elf-insert heart_beets.elf --thread_model hal --cpu_name cpu --qsys true --simulation_enabled false --id 308784078 --sidp 0x0 --timestamp 1502336826 --stderr_dev jtag_uart --stdin_dev jtag_uart --stdout_dev jtag_uart --sopc_system_name nios2_system --quartus_project_dir "D:/303-Assignment-2/Lab___export/Prebuilt_Nios" --sopcinfo D:/303-Assignment-2/Lab___export/Prebuilt_Nios/software/heart_beets_bsp/../../nios2_system.sopcinfo
Info: (heart_beets.elf) 88 KBytes program size (code + initialized data).
Info:                   8095 KBytes free for stack + heap.
Info: Creating heart_beets.objdump
nios2-elf-objdump --disassemble --syms --all-header --source heart_beets.elf >heart_beets.objdump
[heart_beets build complete]
11:42:52 **** Incremental Build of configuration Nios II for project heart_beets ****
make all 
Info: Building ../heart_beets_bsp/
C:/intelFPGA/16.1/nios2eds/bin/gnu/H-x86_64-mingw32/bin/make --no-print-directory -C ../heart_beets_bsp/
[BSP build complete]
Info: Compiling hello_world.c to obj/default/hello_world.o
nios2-elf-gcc -xc -MP -MMD -c -I../heart_beets_bsp//HAL/inc -I../heart_beets_bsp/ -I../heart_beets_bsp//drivers/inc  -pipe -D__hal__ -DALT_NO_INSTRUCTION_EMULATION -DALT_SINGLE_THREADED    -O0 -g -Wall   -mno-hw-div -mhw-mul -mno-hw-mulx -mgpopt=global  -o obj/default/hello_world.o hello_world.c
Info: Linking heart_beets.elf
nios2-elf-g++  -T'../heart_beets_bsp//linker.x' -msys-crt0='../heart_beets_bsp//obj/HAL/src/crt0.o' -msys-lib=hal_bsp -L../heart_beets_bsp/   -Wl,-Map=heart_beets.map   -O0 -g -Wall   -mno-hw-div -mhw-mul -mno-hw-mulx -mgpopt=global  -o heart_beets.elf obj/default/hello_world.o obj/default/pacemaker.o -lm -msys-lib=m
nios2-elf-insert heart_beets.elf --thread_model hal --cpu_name cpu --qsys true --simulation_enabled false --id 308784078 --sidp 0x0 --timestamp 1502336826 --stderr_dev jtag_uart --stdin_dev jtag_uart --stdout_dev jtag_uart --sopc_system_name nios2_system --quartus_project_dir "D:/303-Assignment-2/Lab___export/Prebuilt_Nios" --sopcinfo D:/303-Assignment-2/Lab___export/Prebuilt_Nios/software/heart_beets_bsp/../../nios2_system.sopcinfo
Info: (heart_beets.elf) 88 KBytes program size (code + initialized data).
Info:                   8095 KBytes free for stack + heap.
Info: Creating heart_beets.objdump
nios2-elf-objdump --disassemble --syms --all-header --source heart_beets.elf >heart_beets.objdump
[heart_beets build complete]
11:43:22 **** Incremental Build of configuration Nios II for project heart_beets ****
make all 
Info: Building ../heart_beets_bsp/
C:/intelFPGA/16.1/nios2eds/bin/gnu/H-x86_64-mingw32/bin/make --no-print-directory -C ../heart_beets_bsp/
[BSP build complete]
Info: Compiling hello_world.c to obj/default/hello_world.o
nios2-elf-gcc -xc -MP -MMD -c -I../heart_beets_bsp//HAL/inc -I../heart_beets_bsp/ -I../heart_beets_bsp//drivers/inc  -pipe -D__hal__ -DALT_NO_INSTRUCTION_EMULATION -DALT_SINGLE_THREADED    -O0 -g -Wall   -mno-hw-div -mhw-mul -mno-hw-mulx -mgpopt=global  -o obj/default/hello_world.o hello_world.c
Info: Linking heart_beets.elf
nios2-elf-g++  -T'../heart_beets_bsp//linker.x' -msys-crt0='../heart_beets_bsp//obj/HAL/src/crt0.o' -msys-lib=hal_bsp -L../heart_beets_bsp/   -Wl,-Map=heart_beets.map   -O0 -g -Wall   -mno-hw-div -mhw-mul -mno-hw-mulx -mgpopt=global  -o heart_beets.elf obj/default/hello_world.o obj/default/pacemaker.o -lm -msys-lib=m
nios2-elf-insert heart_beets.elf --thread_model hal --cpu_name cpu --qsys true --simulation_enabled false --id 308784078 --sidp 0x0 --timestamp 1502336826 --stderr_dev jtag_uart --stdin_dev jtag_uart --stdout_dev jtag_uart --sopc_system_name nios2_system --quartus_project_dir "D:/303-Assignment-2/Lab___export/Prebuilt_Nios" --sopcinfo D:/303-Assignment-2/Lab___export/Prebuilt_Nios/software/heart_beets_bsp/../../nios2_system.sopcinfo
Info: (heart_beets.elf) 88 KBytes program size (code + initialized data).
Info:                   8095 KBytes free for stack + heap.
Info: Creating heart_beets.objdump
nios2-elf-objdump --disassemble --syms --all-header --source heart_beets.elf >heart_beets.objdump
[heart_beets build complete]
11:44:07 **** Incremental Build of configuration Nios II for project heart_beets ****
make all 
Info: Building ../heart_beets_bsp/
C:/intelFPGA/16.1/nios2eds/bin/gnu/H-x86_64-mingw32/bin/make --no-print-directory -C ../heart_beets_bsp/
[BSP build complete]
Info: Compiling hello_world.c to obj/default/hello_world.o
nios2-elf-gcc -xc -MP -MMD -c -I../heart_beets_bsp//HAL/inc -I../heart_beets_bsp/ -I../heart_beets_bsp//drivers/inc  -pipe -D__hal__ -DALT_NO_INSTRUCTION_EMULATION -DALT_SINGLE_THREADED    -O0 -g -Wall   -mno-hw-div -mhw-mul -mno-hw-mulx -mgpopt=global  -o obj/default/hello_world.o hello_world.c
Info: Linking heart_beets.elf
nios2-elf-g++  -T'../heart_beets_bsp//linker.x' -msys-crt0='../heart_beets_bsp//obj/HAL/src/crt0.o' -msys-lib=hal_bsp -L../heart_beets_bsp/   -Wl,-Map=heart_beets.map   -O0 -g -Wall   -mno-hw-div -mhw-mul -mno-hw-mulx -mgpopt=global  -o heart_beets.elf obj/default/hello_world.o obj/default/pacemaker.o -lm -msys-lib=m
nios2-elf-insert heart_beets.elf --thread_model hal --cpu_name cpu --qsys true --simulation_enabled false --id 308784078 --sidp 0x0 --timestamp 1502336826 --stderr_dev jtag_uart --stdin_dev jtag_uart --stdout_dev jtag_uart --sopc_system_name nios2_system --quartus_project_dir "D:/303-Assignment-2/Lab___export/Prebuilt_Nios" --sopcinfo D:/303-Assignment-2/Lab___export/Prebuilt_Nios/software/heart_beets_bsp/../../nios2_system.sopcinfo
Info: (heart_beets.elf) 88 KBytes program size (code + initialized data).
Info:                   8095 KBytes free for stack + heap.
Info: Creating heart_beets.objdump
nios2-elf-objdump --disassemble --syms --all-header --source heart_beets.elf >heart_beets.objdump
[heart_beets build complete]
11:45:56 **** Incremental Build of configuration Nios II for project heart_beets ****
make all 
Info: Building ../heart_beets_bsp/
C:/intelFPGA/16.1/nios2eds/bin/gnu/H-x86_64-mingw32/bin/make --no-print-directory -C ../heart_beets_bsp/
[BSP build complete]
[heart_beets build complete]
11:46:43 **** Incremental Build of configuration Nios II for project heart_beets ****
make all 
Info: Building ../heart_beets_bsp/
C:/intelFPGA/16.1/nios2eds/bin/gnu/H-x86_64-mingw32/bin/make --no-print-directory -C ../heart_beets_bsp/
[BSP build complete]
[heart_beets build complete]
11:48:03 **** Incremental Build of configuration Nios II for project heart_beets ****
make all 
Info: Building ../heart_beets_bsp/
C:/intelFPGA/16.1/nios2eds/bin/gnu/H-x86_64-mingw32/bin/make --no-print-directory -C ../heart_beets_bsp/
[BSP build complete]
Info: Compiling hello_world.c to obj/default/hello_world.o
nios2-elf-gcc -xc -MP -MMD -c -I../heart_beets_bsp//HAL/inc -I../heart_beets_bsp/ -I../heart_beets_bsp//drivers/inc  -pipe -D__hal__ -DALT_NO_INSTRUCTION_EMULATION -DALT_SINGLE_THREADED    -O0 -g -Wall   -mno-hw-div -mhw-mul -mno-hw-mulx -mgpopt=global  -o obj/default/hello_world.o hello_world.c
Info: Linking heart_beets.elf
nios2-elf-g++  -T'../heart_beets_bsp//linker.x' -msys-crt0='../heart_beets_bsp//obj/HAL/src/crt0.o' -msys-lib=hal_bsp -L../heart_beets_bsp/   -Wl,-Map=heart_beets.map   -O0 -g -Wall   -mno-hw-div -mhw-mul -mno-hw-mulx -mgpopt=global  -o heart_beets.elf obj/default/hello_world.o obj/default/pacemaker.o -lm -msys-lib=m
nios2-elf-insert heart_beets.elf --thread_model hal --cpu_name cpu --qsys true --simulation_enabled false --id 308784078 --sidp 0x0 --timestamp 1502336826 --stderr_dev jtag_uart --stdin_dev jtag_uart --stdout_dev jtag_uart --sopc_system_name nios2_system --quartus_project_dir "D:/303-Assignment-2/Lab___export/Prebuilt_Nios" --sopcinfo D:/303-Assignment-2/Lab___export/Prebuilt_Nios/software/heart_beets_bsp/../../nios2_system.sopcinfo
Info: (heart_beets.elf) 88 KBytes program size (code + initialized data).
Info:                   8095 KBytes free for stack + heap.
Info: Creating heart_beets.objdump
nios2-elf-objdump --disassemble --syms --all-header --source heart_beets.elf >heart_beets.objdump
[heart_beets build complete]
11:48:07 **** Incremental Build of configuration Nios II for project heart_beets_bsp ****
make all 
[BSP build complete]
11:48:11 **** Incremental Build of configuration Nios II for project heart_beets ****
make all 
Info: Building ../heart_beets_bsp/
C:/intelFPGA/16.1/nios2eds/bin/gnu/H-x86_64-mingw32/bin/make --no-print-directory -C ../heart_beets_bsp/
[BSP build complete]
[heart_beets build complete]
